14:09:52.828 [main] DEBUG u.o.l.s.c.SysOutOverSLF4JInitialiser - Your logging framework class ch.qos.logback.classic.Logger should not need access to the standard println methods on the console, so you should not need to register a logging system package.
14:09:52.840 [main] INFO  u.o.l.s.context.SysOutOverSLF4J - Replaced standard System.out and System.err PrintStreams with SLF4JPrintStreams
14:09:52.844 [main] INFO  u.o.l.s.context.SysOutOverSLF4J - Redirected System.out and System.err to SLF4J for this context
14:09:52.852 [main] ERROR com.javaSEBasic.ZipHandler - Can't close OutputStream
14:12:56.821 [main] DEBUG u.o.l.s.c.SysOutOverSLF4JInitialiser - Your logging framework class ch.qos.logback.classic.Logger should not need access to the standard println methods on the console, so you should not need to register a logging system package.
14:12:56.832 [main] INFO  u.o.l.s.context.SysOutOverSLF4J - Replaced standard System.out and System.err PrintStreams with SLF4JPrintStreams
14:12:56.837 [main] INFO  u.o.l.s.context.SysOutOverSLF4J - Redirected System.out and System.err to SLF4J for this context
14:13:42.281 [main] DEBUG u.o.l.s.c.SysOutOverSLF4JInitialiser - Your logging framework class ch.qos.logback.classic.Logger should not need access to the standard println methods on the console, so you should not need to register a logging system package.
14:13:42.293 [main] INFO  u.o.l.s.context.SysOutOverSLF4J - Replaced standard System.out and System.err PrintStreams with SLF4JPrintStreams
14:13:42.298 [main] INFO  u.o.l.s.context.SysOutOverSLF4J - Redirected System.out and System.err to SLF4J for this context
14:14:34.133 [main] DEBUG u.o.l.s.c.SysOutOverSLF4JInitialiser - Your logging framework class ch.qos.logback.classic.Logger should not need access to the standard println methods on the console, so you should not need to register a logging system package.
14:14:34.145 [main] INFO  u.o.l.s.context.SysOutOverSLF4J - Replaced standard System.out and System.err PrintStreams with SLF4JPrintStreams
14:14:34.150 [main] INFO  u.o.l.s.context.SysOutOverSLF4J - Redirected System.out and System.err to SLF4J for this context
14:15:22.183 [main] DEBUG u.o.l.s.c.SysOutOverSLF4JInitialiser - Your logging framework class ch.qos.logback.classic.Logger should not need access to the standard println methods on the console, so you should not need to register a logging system package.
14:15:22.195 [main] INFO  u.o.l.s.context.SysOutOverSLF4J - Replaced standard System.out and System.err PrintStreams with SLF4JPrintStreams
14:15:22.200 [main] INFO  u.o.l.s.context.SysOutOverSLF4J - Redirected System.out and System.err to SLF4J for this context
14:15:45.424 [main] DEBUG u.o.l.s.c.SysOutOverSLF4JInitialiser - Your logging framework class ch.qos.logback.classic.Logger should not need access to the standard println methods on the console, so you should not need to register a logging system package.
14:15:45.436 [main] INFO  u.o.l.s.context.SysOutOverSLF4J - Replaced standard System.out and System.err PrintStreams with SLF4JPrintStreams
14:15:45.441 [main] INFO  u.o.l.s.context.SysOutOverSLF4J - Redirected System.out and System.err to SLF4J for this context
14:16:27.442 [main] DEBUG u.o.l.s.c.SysOutOverSLF4JInitialiser - Your logging framework class ch.qos.logback.classic.Logger should not need access to the standard println methods on the console, so you should not need to register a logging system package.
14:16:27.455 [main] INFO  u.o.l.s.context.SysOutOverSLF4J - Replaced standard System.out and System.err PrintStreams with SLF4JPrintStreams
14:16:27.460 [main] INFO  u.o.l.s.context.SysOutOverSLF4J - Redirected System.out and System.err to SLF4J for this context
14:17:52.044 [main] DEBUG u.o.l.s.c.SysOutOverSLF4JInitialiser - Your logging framework class ch.qos.logback.classic.Logger should not need access to the standard println methods on the console, so you should not need to register a logging system package.
14:17:52.056 [main] INFO  u.o.l.s.context.SysOutOverSLF4J - Replaced standard System.out and System.err PrintStreams with SLF4JPrintStreams
14:17:52.061 [main] INFO  u.o.l.s.context.SysOutOverSLF4J - Redirected System.out and System.err to SLF4J for this context
14:19:58.701 [main] DEBUG u.o.l.s.c.SysOutOverSLF4JInitialiser - Your logging framework class ch.qos.logback.classic.Logger should not need access to the standard println methods on the console, so you should not need to register a logging system package.
14:19:58.713 [main] INFO  u.o.l.s.context.SysOutOverSLF4J - Replaced standard System.out and System.err PrintStreams with SLF4JPrintStreams
14:19:58.719 [main] INFO  u.o.l.s.context.SysOutOverSLF4J - Redirected System.out and System.err to SLF4J for this context
14:19:58.725 [main] ERROR com.javaSEBasic.ZipHandler - Error creating ZipEntry. File path : D:\projects\javaSEBasic\logs2\test2\asdasd.xlsx
14:20:56.913 [main] DEBUG u.o.l.s.c.SysOutOverSLF4JInitialiser - Your logging framework class ch.qos.logback.classic.Logger should not need access to the standard println methods on the console, so you should not need to register a logging system package.
14:20:56.925 [main] INFO  u.o.l.s.context.SysOutOverSLF4J - Replaced standard System.out and System.err PrintStreams with SLF4JPrintStreams
14:20:56.929 [main] INFO  u.o.l.s.context.SysOutOverSLF4J - Redirected System.out and System.err to SLF4J for this context
14:20:56.937 [main] ERROR java.lang.Throwable - java.io.IOException: Stream closed
14:20:56.937 [main] ERROR java.lang.Throwable - 	at java.util.zip.ZipOutputStream.ensureOpen(ZipOutputStream.java:82)
14:20:56.937 [main] ERROR java.lang.Throwable - 	at java.util.zip.ZipOutputStream.putNextEntry(ZipOutputStream.java:175)
14:20:56.937 [main] ERROR java.lang.Throwable - 	at com.javaSEBasic.ZipHandler.addDirectory(ZipHandler.java:82)
14:20:56.937 [main] ERROR java.lang.Throwable - 	at com.javaSEBasic.ZipHandler.addDirectory(ZipHandler.java:77)
14:20:56.937 [main] ERROR java.lang.Throwable - 	at com.javaSEBasic.ZipHandler.zipDirectory(ZipHandler.java:58)
14:20:56.938 [main] ERROR java.lang.Throwable - 	at com.javaSEBasic.App.main(App.java:27)
14:20:56.938 [main] ERROR java.lang.Throwable - 	at sun.reflect.NativeMethodAccessorImpl.invoke0(Native Method)
14:20:56.938 [main] ERROR java.lang.Throwable - 	at sun.reflect.NativeMethodAccessorImpl.invoke(NativeMethodAccessorImpl.java:57)
14:20:56.938 [main] ERROR java.lang.Throwable - 	at sun.reflect.DelegatingMethodAccessorImpl.invoke(DelegatingMethodAccessorImpl.java:43)
14:20:56.938 [main] ERROR java.lang.Throwable - 	at java.lang.reflect.Method.invoke(Method.java:606)
14:20:56.938 [main] ERROR java.lang.Throwable - 	at com.intellij.rt.execution.application.AppMain.main(AppMain.java:120)
14:20:56.938 [main] ERROR com.javaSEBasic.ZipHandler - Error creating ZipEntry. File path : D:\projects\javaSEBasic\logs2\test2\asdasd.xlsx
14:22:57.796 [main] DEBUG u.o.l.s.c.SysOutOverSLF4JInitialiser - Your logging framework class ch.qos.logback.classic.Logger should not need access to the standard println methods on the console, so you should not need to register a logging system package.
14:22:57.808 [main] INFO  u.o.l.s.context.SysOutOverSLF4J - Replaced standard System.out and System.err PrintStreams with SLF4JPrintStreams
14:22:57.813 [main] INFO  u.o.l.s.context.SysOutOverSLF4J - Redirected System.out and System.err to SLF4J for this context
14:25:12.757 [main] ERROR java.lang.Throwable - java.io.IOException: Stream closed
14:25:12.758 [main] ERROR java.lang.Throwable - 	at java.util.zip.ZipOutputStream.ensureOpen(ZipOutputStream.java:82)
14:25:12.758 [main] ERROR java.lang.Throwable - 	at java.util.zip.ZipOutputStream.putNextEntry(ZipOutputStream.java:175)
14:25:12.759 [main] ERROR java.lang.Throwable - 	at com.javaSEBasic.ZipHandler.addDirectory(ZipHandler.java:82)
14:25:12.759 [main] ERROR java.lang.Throwable - 	at com.javaSEBasic.ZipHandler.addDirectory(ZipHandler.java:77)
14:25:12.759 [main] ERROR java.lang.Throwable - 	at com.javaSEBasic.ZipHandler.zipDirectory(ZipHandler.java:58)
14:25:12.760 [main] ERROR java.lang.Throwable - 	at com.javaSEBasic.App.main(App.java:27)
14:25:13.888 [main] ERROR com.javaSEBasic.ZipHandler - Error creating ZipEntry. File path : D:\projects\javaSEBasic\logs2\test2\asdasd.xlsx
14:25:58.836 [main] DEBUG u.o.l.s.c.SysOutOverSLF4JInitialiser - Your logging framework class ch.qos.logback.classic.Logger should not need access to the standard println methods on the console, so you should not need to register a logging system package.
14:25:58.849 [main] INFO  u.o.l.s.context.SysOutOverSLF4J - Replaced standard System.out and System.err PrintStreams with SLF4JPrintStreams
14:25:58.854 [main] INFO  u.o.l.s.context.SysOutOverSLF4J - Redirected System.out and System.err to SLF4J for this context
14:58:57.329 [main] DEBUG u.o.l.s.c.SysOutOverSLF4JInitialiser - Your logging framework class ch.qos.logback.classic.Logger should not need access to the standard println methods on the console, so you should not need to register a logging system package.
14:58:57.341 [main] INFO  u.o.l.s.context.SysOutOverSLF4J - Replaced standard System.out and System.err PrintStreams with SLF4JPrintStreams
14:58:57.346 [main] INFO  u.o.l.s.context.SysOutOverSLF4J - Redirected System.out and System.err to SLF4J for this context
14:58:57.349 [main] INFO  com.javaSEBasic.ZipHandler - creating : testDirectory.zip
14:58:57.354 [main] ERROR java.lang.Throwable - java.io.IOException: Stream closed
14:58:57.354 [main] ERROR java.lang.Throwable - 	at java.util.zip.ZipOutputStream.ensureOpen(ZipOutputStream.java:82)
14:58:57.354 [main] ERROR java.lang.Throwable - 	at java.util.zip.ZipOutputStream.putNextEntry(ZipOutputStream.java:175)
14:58:57.355 [main] ERROR java.lang.Throwable - 	at com.javaSEBasic.ZipHandler.addDirectory(ZipHandler.java:83)
14:58:57.355 [main] ERROR java.lang.Throwable - 	at com.javaSEBasic.ZipHandler.addDirectory(ZipHandler.java:78)
14:58:57.355 [main] ERROR java.lang.Throwable - 	at com.javaSEBasic.ZipHandler.zipDirectory(ZipHandler.java:59)
14:58:57.355 [main] ERROR java.lang.Throwable - 	at com.javaSEBasic.App.main(App.java:28)
14:58:57.355 [main] ERROR java.lang.Throwable - 	at sun.reflect.NativeMethodAccessorImpl.invoke0(Native Method)
14:58:57.355 [main] ERROR java.lang.Throwable - 	at sun.reflect.NativeMethodAccessorImpl.invoke(NativeMethodAccessorImpl.java:57)
14:58:57.355 [main] ERROR java.lang.Throwable - 	at sun.reflect.DelegatingMethodAccessorImpl.invoke(DelegatingMethodAccessorImpl.java:43)
14:58:57.355 [main] ERROR java.lang.Throwable - 	at java.lang.reflect.Method.invoke(Method.java:606)
14:58:57.355 [main] ERROR java.lang.Throwable - 	at com.intellij.rt.execution.application.AppMain.main(AppMain.java:120)
14:58:57.355 [main] ERROR com.javaSEBasic.ZipHandler - Error creating ZipEntry. File path : D:\projects\javaSEBasic\inputs2\--11--\data2.zip
14:58:57.356 [main] ERROR java.lang.Throwable - java.io.IOException: Stream closed
14:58:57.356 [main] ERROR java.lang.Throwable - 	at java.util.zip.ZipOutputStream.ensureOpen(ZipOutputStream.java:82)
14:58:57.356 [main] ERROR java.lang.Throwable - 	at java.util.zip.ZipOutputStream.putNextEntry(ZipOutputStream.java:175)
14:58:57.356 [main] ERROR java.lang.Throwable - 	at com.javaSEBasic.ZipHandler.addDirectory(ZipHandler.java:83)
14:58:57.356 [main] ERROR java.lang.Throwable - 	at com.javaSEBasic.ZipHandler.addDirectory(ZipHandler.java:78)
14:58:57.356 [main] ERROR java.lang.Throwable - 	at com.javaSEBasic.ZipHandler.zipDirectory(ZipHandler.java:59)
14:58:57.356 [main] ERROR java.lang.Throwable - 	at com.javaSEBasic.App.main(App.java:28)
14:58:57.357 [main] ERROR java.lang.Throwable - 	at sun.reflect.NativeMethodAccessorImpl.invoke0(Native Method)
14:58:57.357 [main] ERROR java.lang.Throwable - 	at sun.reflect.NativeMethodAccessorImpl.invoke(NativeMethodAccessorImpl.java:57)
14:58:57.357 [main] ERROR java.lang.Throwable - 	at sun.reflect.DelegatingMethodAccessorImpl.invoke(DelegatingMethodAccessorImpl.java:43)
14:58:57.357 [main] ERROR java.lang.Throwable - 	at java.lang.reflect.Method.invoke(Method.java:606)
14:58:57.357 [main] ERROR java.lang.Throwable - 	at com.intellij.rt.execution.application.AppMain.main(AppMain.java:120)
14:58:57.357 [main] ERROR com.javaSEBasic.ZipHandler - Error creating ZipEntry. File path : D:\projects\javaSEBasic\inputs2\--11--\data3.zip
14:58:57.357 [main] ERROR java.lang.Throwable - java.io.IOException: Stream closed
14:58:57.358 [main] ERROR java.lang.Throwable - 	at java.util.zip.ZipOutputStream.ensureOpen(ZipOutputStream.java:82)
14:58:57.358 [main] ERROR java.lang.Throwable - 	at java.util.zip.ZipOutputStream.putNextEntry(ZipOutputStream.java:175)
14:58:57.358 [main] ERROR java.lang.Throwable - 	at com.javaSEBasic.ZipHandler.addDirectory(ZipHandler.java:83)
14:58:57.358 [main] ERROR java.lang.Throwable - 	at com.javaSEBasic.ZipHandler.addDirectory(ZipHandler.java:78)
14:58:57.358 [main] ERROR java.lang.Throwable - 	at com.javaSEBasic.ZipHandler.zipDirectory(ZipHandler.java:59)
14:58:57.358 [main] ERROR java.lang.Throwable - 	at com.javaSEBasic.App.main(App.java:28)
14:58:57.358 [main] ERROR java.lang.Throwable - 	at sun.reflect.NativeMethodAccessorImpl.invoke0(Native Method)
14:58:57.358 [main] ERROR java.lang.Throwable - 	at sun.reflect.NativeMethodAccessorImpl.invoke(NativeMethodAccessorImpl.java:57)
14:58:57.358 [main] ERROR java.lang.Throwable - 	at sun.reflect.DelegatingMethodAccessorImpl.invoke(DelegatingMethodAccessorImpl.java:43)
14:58:57.358 [main] ERROR java.lang.Throwable - 	at java.lang.reflect.Method.invoke(Method.java:606)
14:58:57.359 [main] ERROR java.lang.Throwable - 	at com.intellij.rt.execution.application.AppMain.main(AppMain.java:120)
14:58:57.359 [main] ERROR com.javaSEBasic.ZipHandler - Error creating ZipEntry. File path : D:\projects\javaSEBasic\inputs2\1\1.zip
14:58:57.359 [main] ERROR java.lang.Throwable - java.io.IOException: Stream closed
14:58:57.359 [main] ERROR java.lang.Throwable - 	at java.util.zip.ZipOutputStream.ensureOpen(ZipOutputStream.java:82)
14:58:57.359 [main] ERROR java.lang.Throwable - 	at java.util.zip.ZipOutputStream.putNextEntry(ZipOutputStream.java:175)
14:58:57.359 [main] ERROR java.lang.Throwable - 	at com.javaSEBasic.ZipHandler.addDirectory(ZipHandler.java:83)
14:58:57.359 [main] ERROR java.lang.Throwable - 	at com.javaSEBasic.ZipHandler.addDirectory(ZipHandler.java:78)
14:58:57.360 [main] ERROR java.lang.Throwable - 	at com.javaSEBasic.ZipHandler.zipDirectory(ZipHandler.java:59)
14:58:57.360 [main] ERROR java.lang.Throwable - 	at com.javaSEBasic.App.main(App.java:28)
14:58:57.360 [main] ERROR java.lang.Throwable - 	at sun.reflect.NativeMethodAccessorImpl.invoke0(Native Method)
14:58:57.360 [main] ERROR java.lang.Throwable - 	at sun.reflect.NativeMethodAccessorImpl.invoke(NativeMethodAccessorImpl.java:57)
14:58:57.360 [main] ERROR java.lang.Throwable - 	at sun.reflect.DelegatingMethodAccessorImpl.invoke(DelegatingMethodAccessorImpl.java:43)
14:58:57.360 [main] ERROR java.lang.Throwable - 	at java.lang.reflect.Method.invoke(Method.java:606)
14:58:57.360 [main] ERROR java.lang.Throwable - 	at com.intellij.rt.execution.application.AppMain.main(AppMain.java:120)
14:58:57.360 [main] ERROR com.javaSEBasic.ZipHandler - Error creating ZipEntry. File path : D:\projects\javaSEBasic\inputs2\2\3.zip
14:58:57.361 [main] ERROR java.lang.Throwable - java.io.IOException: Stream closed
14:58:57.361 [main] ERROR java.lang.Throwable - 	at java.util.zip.ZipOutputStream.ensureOpen(ZipOutputStream.java:82)
14:58:57.361 [main] ERROR java.lang.Throwable - 	at java.util.zip.ZipOutputStream.putNextEntry(ZipOutputStream.java:175)
14:58:57.361 [main] ERROR java.lang.Throwable - 	at com.javaSEBasic.ZipHandler.addDirectory(ZipHandler.java:83)
14:58:57.361 [main] ERROR java.lang.Throwable - 	at com.javaSEBasic.ZipHandler.zipDirectory(ZipHandler.java:59)
14:58:57.361 [main] ERROR java.lang.Throwable - 	at com.javaSEBasic.App.main(App.java:28)
14:58:57.361 [main] ERROR java.lang.Throwable - 	at sun.reflect.NativeMethodAccessorImpl.invoke0(Native Method)
14:58:57.361 [main] ERROR java.lang.Throwable - 	at sun.reflect.NativeMethodAccessorImpl.invoke(NativeMethodAccessorImpl.java:57)
14:58:57.362 [main] ERROR java.lang.Throwable - 	at sun.reflect.DelegatingMethodAccessorImpl.invoke(DelegatingMethodAccessorImpl.java:43)
14:58:57.362 [main] ERROR java.lang.Throwable - 	at java.lang.reflect.Method.invoke(Method.java:606)
14:58:57.362 [main] ERROR java.lang.Throwable - 	at com.intellij.rt.execution.application.AppMain.main(AppMain.java:120)
14:58:57.362 [main] ERROR com.javaSEBasic.ZipHandler - Error creating ZipEntry. File path : D:\projects\javaSEBasic\inputs2\data1.txt
14:58:57.362 [main] ERROR java.lang.Throwable - java.io.IOException: Stream closed
14:58:57.362 [main] ERROR java.lang.Throwable - 	at java.util.zip.ZipOutputStream.ensureOpen(ZipOutputStream.java:82)
14:58:57.362 [main] ERROR java.lang.Throwable - 	at java.util.zip.ZipOutputStream.putNextEntry(ZipOutputStream.java:175)
14:58:57.362 [main] ERROR java.lang.Throwable - 	at com.javaSEBasic.ZipHandler.addDirectory(ZipHandler.java:83)
14:58:57.363 [main] ERROR java.lang.Throwable - 	at com.javaSEBasic.ZipHandler.zipDirectory(ZipHandler.java:59)
14:58:57.363 [main] ERROR java.lang.Throwable - 	at com.javaSEBasic.App.main(App.java:28)
14:58:57.363 [main] ERROR java.lang.Throwable - 	at sun.reflect.NativeMethodAccessorImpl.invoke0(Native Method)
14:58:57.363 [main] ERROR java.lang.Throwable - 	at sun.reflect.NativeMethodAccessorImpl.invoke(NativeMethodAccessorImpl.java:57)
14:58:57.363 [main] ERROR java.lang.Throwable - 	at sun.reflect.DelegatingMethodAccessorImpl.invoke(DelegatingMethodAccessorImpl.java:43)
14:58:57.363 [main] ERROR java.lang.Throwable - 	at java.lang.reflect.Method.invoke(Method.java:606)
14:58:57.363 [main] ERROR java.lang.Throwable - 	at com.intellij.rt.execution.application.AppMain.main(AppMain.java:120)
14:58:57.363 [main] ERROR com.javaSEBasic.ZipHandler - Error creating ZipEntry. File path : D:\projects\javaSEBasic\inputs2\data1.zip
15:42:42.986 [main] DEBUG u.o.l.s.c.SysOutOverSLF4JInitialiser - Your logging framework class ch.qos.logback.classic.Logger should not need access to the standard println methods on the console, so you should not need to register a logging system package.
15:42:42.998 [main] INFO  u.o.l.s.context.SysOutOverSLF4J - Replaced standard System.out and System.err PrintStreams with SLF4JPrintStreams
15:42:43.003 [main] INFO  u.o.l.s.context.SysOutOverSLF4J - Redirected System.out and System.err to SLF4J for this context
15:43:03.526 [main] INFO  com.javaSEBasic.ZipHandler - creating : testDirectory.zip
15:44:41.920 [main] ERROR java.lang.Throwable - java.io.IOException: Stream closed
15:44:41.921 [main] ERROR java.lang.Throwable - 	at java.util.zip.ZipOutputStream.ensureOpen(ZipOutputStream.java:82)
15:44:41.921 [main] ERROR java.lang.Throwable - 	at java.util.zip.ZipOutputStream.putNextEntry(ZipOutputStream.java:175)
15:44:41.922 [main] ERROR java.lang.Throwable - 	at com.javaSEBasic.ZipHandler.addDirectory(ZipHandler.java:83)
15:44:41.923 [main] ERROR java.lang.Throwable - 	at com.javaSEBasic.ZipHandler.addDirectory(ZipHandler.java:78)
15:44:41.924 [main] ERROR java.lang.Throwable - 	at com.javaSEBasic.ZipHandler.zipDirectory(ZipHandler.java:59)
15:44:41.925 [main] ERROR java.lang.Throwable - 	at com.javaSEBasic.App.main(App.java:28)
15:44:42.445 [main] ERROR com.javaSEBasic.ZipHandler - Error creating ZipEntry. File path : D:\projects\javaSEBasic\inputs2\--11--\data2.zip
15:44:54.939 [main] ERROR java.lang.Throwable - java.io.IOException: Stream closed
15:44:54.940 [main] ERROR java.lang.Throwable - 	at java.util.zip.ZipOutputStream.ensureOpen(ZipOutputStream.java:82)
15:44:54.941 [main] ERROR java.lang.Throwable - 	at java.util.zip.ZipOutputStream.putNextEntry(ZipOutputStream.java:175)
15:44:54.942 [main] ERROR java.lang.Throwable - 	at com.javaSEBasic.ZipHandler.addDirectory(ZipHandler.java:83)
15:44:54.943 [main] ERROR java.lang.Throwable - 	at com.javaSEBasic.ZipHandler.addDirectory(ZipHandler.java:78)
15:44:54.944 [main] ERROR java.lang.Throwable - 	at com.javaSEBasic.ZipHandler.zipDirectory(ZipHandler.java:59)
15:44:54.945 [main] ERROR java.lang.Throwable - 	at com.javaSEBasic.App.main(App.java:28)
15:44:55.188 [main] ERROR com.javaSEBasic.ZipHandler - Error creating ZipEntry. File path : D:\projects\javaSEBasic\inputs2\--11--\data3.zip
15:46:50.843 [main] DEBUG u.o.l.s.c.SysOutOverSLF4JInitialiser - Your logging framework class ch.qos.logback.classic.Logger should not need access to the standard println methods on the console, so you should not need to register a logging system package.
15:46:50.855 [main] INFO  u.o.l.s.context.SysOutOverSLF4J - Replaced standard System.out and System.err PrintStreams with SLF4JPrintStreams
15:46:50.860 [main] INFO  u.o.l.s.context.SysOutOverSLF4J - Redirected System.out and System.err to SLF4J for this context
15:46:50.862 [main] INFO  com.javaSEBasic.ZipHandler - creating : testDirectory.zip
15:46:50.863 [main] INFO  com.javaSEBasic.ZipHandler -  Adding: D:\projects\javaSEBasic\inputs2\--11--\data.zip
15:46:50.865 [main] INFO  com.javaSEBasic.ZipHandler -  Adding: D:\projects\javaSEBasic\inputs2\--11--\data2.zip
15:46:50.866 [main] INFO  com.javaSEBasic.ZipHandler -  Adding: D:\projects\javaSEBasic\inputs2\--11--\data3.zip
15:46:50.866 [main] INFO  com.javaSEBasic.ZipHandler -  Adding: D:\projects\javaSEBasic\inputs2\1\1.zip
15:46:50.867 [main] INFO  com.javaSEBasic.ZipHandler -  Adding: D:\projects\javaSEBasic\inputs2\2\3.zip
15:46:50.868 [main] INFO  com.javaSEBasic.ZipHandler -  Adding: D:\projects\javaSEBasic\inputs2\data1.txt
15:46:50.868 [main] INFO  com.javaSEBasic.ZipHandler -  Adding: D:\projects\javaSEBasic\inputs2\data1.zip
15:47:43.975 [main] DEBUG u.o.l.s.c.SysOutOverSLF4JInitialiser - Your logging framework class ch.qos.logback.classic.Logger should not need access to the standard println methods on the console, so you should not need to register a logging system package.
15:47:43.987 [main] INFO  u.o.l.s.context.SysOutOverSLF4J - Replaced standard System.out and System.err PrintStreams with SLF4JPrintStreams
15:47:43.992 [main] INFO  u.o.l.s.context.SysOutOverSLF4J - Redirected System.out and System.err to SLF4J for this context
15:47:43.994 [main] INFO  com.javaSEBasic.ZipHandler - creating : testDirectory.zip
15:47:43.999 [main] ERROR java.lang.Throwable - java.io.IOException: Stream closed
15:47:43.999 [main] ERROR java.lang.Throwable - 	at java.util.zip.ZipOutputStream.ensureOpen(ZipOutputStream.java:82)
15:47:43.999 [main] ERROR java.lang.Throwable - 	at java.util.zip.ZipOutputStream.putNextEntry(ZipOutputStream.java:175)
15:47:43.999 [main] ERROR java.lang.Throwable - 	at com.javaSEBasic.ZipHandler.addDirectory(ZipHandler.java:103)
15:47:43.999 [main] ERROR java.lang.Throwable - 	at com.javaSEBasic.ZipHandler.addDirectory(ZipHandler.java:98)
15:47:43.999 [main] ERROR java.lang.Throwable - 	at com.javaSEBasic.ZipHandler.zipDirectory(ZipHandler.java:59)
15:47:43.999 [main] ERROR java.lang.Throwable - 	at com.javaSEBasic.App.main(App.java:28)
15:47:43.999 [main] ERROR java.lang.Throwable - 	at sun.reflect.NativeMethodAccessorImpl.invoke0(Native Method)
15:47:44.000 [main] ERROR java.lang.Throwable - 	at sun.reflect.NativeMethodAccessorImpl.invoke(NativeMethodAccessorImpl.java:57)
15:47:44.000 [main] ERROR java.lang.Throwable - 	at sun.reflect.DelegatingMethodAccessorImpl.invoke(DelegatingMethodAccessorImpl.java:43)
15:47:44.000 [main] ERROR java.lang.Throwable - 	at java.lang.reflect.Method.invoke(Method.java:606)
15:47:44.000 [main] ERROR java.lang.Throwable - 	at com.intellij.rt.execution.application.AppMain.main(AppMain.java:120)
15:47:44.000 [main] ERROR com.javaSEBasic.ZipHandler - Error creating ZipEntry. File path : D:\projects\javaSEBasic\inputs2\--11--\data2.zip
15:47:44.000 [main] ERROR java.lang.Throwable - java.io.IOException: Stream closed
15:47:44.000 [main] ERROR java.lang.Throwable - 	at java.util.zip.ZipOutputStream.ensureOpen(ZipOutputStream.java:82)
15:47:44.000 [main] ERROR java.lang.Throwable - 	at java.util.zip.ZipOutputStream.putNextEntry(ZipOutputStream.java:175)
15:47:44.000 [main] ERROR java.lang.Throwable - 	at com.javaSEBasic.ZipHandler.addDirectory(ZipHandler.java:103)
15:47:44.001 [main] ERROR java.lang.Throwable - 	at com.javaSEBasic.ZipHandler.addDirectory(ZipHandler.java:98)
15:47:44.001 [main] ERROR java.lang.Throwable - 	at com.javaSEBasic.ZipHandler.zipDirectory(ZipHandler.java:59)
15:47:44.001 [main] ERROR java.lang.Throwable - 	at com.javaSEBasic.App.main(App.java:28)
15:47:44.001 [main] ERROR java.lang.Throwable - 	at sun.reflect.NativeMethodAccessorImpl.invoke0(Native Method)
15:47:44.001 [main] ERROR java.lang.Throwable - 	at sun.reflect.NativeMethodAccessorImpl.invoke(NativeMethodAccessorImpl.java:57)
15:47:44.001 [main] ERROR java.lang.Throwable - 	at sun.reflect.DelegatingMethodAccessorImpl.invoke(DelegatingMethodAccessorImpl.java:43)
15:47:44.001 [main] ERROR java.lang.Throwable - 	at java.lang.reflect.Method.invoke(Method.java:606)
15:47:44.001 [main] ERROR java.lang.Throwable - 	at com.intellij.rt.execution.application.AppMain.main(AppMain.java:120)
15:47:44.001 [main] ERROR com.javaSEBasic.ZipHandler - Error creating ZipEntry. File path : D:\projects\javaSEBasic\inputs2\--11--\data3.zip
15:47:44.003 [main] ERROR java.lang.Throwable - java.io.IOException: Stream closed
15:47:44.003 [main] ERROR java.lang.Throwable - 	at java.util.zip.ZipOutputStream.ensureOpen(ZipOutputStream.java:82)
15:47:44.003 [main] ERROR java.lang.Throwable - 	at java.util.zip.ZipOutputStream.putNextEntry(ZipOutputStream.java:175)
15:47:44.003 [main] ERROR java.lang.Throwable - 	at com.javaSEBasic.ZipHandler.addDirectory(ZipHandler.java:103)
15:47:44.003 [main] ERROR java.lang.Throwable - 	at com.javaSEBasic.ZipHandler.addDirectory(ZipHandler.java:98)
15:47:44.003 [main] ERROR java.lang.Throwable - 	at com.javaSEBasic.ZipHandler.zipDirectory(ZipHandler.java:59)
15:47:44.004 [main] ERROR java.lang.Throwable - 	at com.javaSEBasic.App.main(App.java:28)
15:47:44.004 [main] ERROR java.lang.Throwable - 	at sun.reflect.NativeMethodAccessorImpl.invoke0(Native Method)
15:47:44.004 [main] ERROR java.lang.Throwable - 	at sun.reflect.NativeMethodAccessorImpl.invoke(NativeMethodAccessorImpl.java:57)
15:47:44.004 [main] ERROR java.lang.Throwable - 	at sun.reflect.DelegatingMethodAccessorImpl.invoke(DelegatingMethodAccessorImpl.java:43)
15:47:44.004 [main] ERROR java.lang.Throwable - 	at java.lang.reflect.Method.invoke(Method.java:606)
15:47:44.004 [main] ERROR java.lang.Throwable - 	at com.intellij.rt.execution.application.AppMain.main(AppMain.java:120)
15:47:44.004 [main] ERROR com.javaSEBasic.ZipHandler - Error creating ZipEntry. File path : D:\projects\javaSEBasic\inputs2\1\1.zip
15:47:44.004 [main] ERROR java.lang.Throwable - java.io.IOException: Stream closed
15:47:44.004 [main] ERROR java.lang.Throwable - 	at java.util.zip.ZipOutputStream.ensureOpen(ZipOutputStream.java:82)
15:47:44.005 [main] ERROR java.lang.Throwable - 	at java.util.zip.ZipOutputStream.putNextEntry(ZipOutputStream.java:175)
15:47:44.005 [main] ERROR java.lang.Throwable - 	at com.javaSEBasic.ZipHandler.addDirectory(ZipHandler.java:103)
15:47:44.005 [main] ERROR java.lang.Throwable - 	at com.javaSEBasic.ZipHandler.addDirectory(ZipHandler.java:98)
15:47:44.005 [main] ERROR java.lang.Throwable - 	at com.javaSEBasic.ZipHandler.zipDirectory(ZipHandler.java:59)
15:47:44.005 [main] ERROR java.lang.Throwable - 	at com.javaSEBasic.App.main(App.java:28)
15:47:44.005 [main] ERROR java.lang.Throwable - 	at sun.reflect.NativeMethodAccessorImpl.invoke0(Native Method)
15:47:44.005 [main] ERROR java.lang.Throwable - 	at sun.reflect.NativeMethodAccessorImpl.invoke(NativeMethodAccessorImpl.java:57)
15:47:44.005 [main] ERROR java.lang.Throwable - 	at sun.reflect.DelegatingMethodAccessorImpl.invoke(DelegatingMethodAccessorImpl.java:43)
15:47:44.005 [main] ERROR java.lang.Throwable - 	at java.lang.reflect.Method.invoke(Method.java:606)
15:47:44.006 [main] ERROR java.lang.Throwable - 	at com.intellij.rt.execution.application.AppMain.main(AppMain.java:120)
15:47:44.006 [main] ERROR com.javaSEBasic.ZipHandler - Error creating ZipEntry. File path : D:\projects\javaSEBasic\inputs2\2\3.zip
15:47:44.006 [main] ERROR java.lang.Throwable - java.io.IOException: Stream closed
15:47:44.006 [main] ERROR java.lang.Throwable - 	at java.util.zip.ZipOutputStream.ensureOpen(ZipOutputStream.java:82)
15:47:44.006 [main] ERROR java.lang.Throwable - 	at java.util.zip.ZipOutputStream.putNextEntry(ZipOutputStream.java:175)
15:47:44.006 [main] ERROR java.lang.Throwable - 	at com.javaSEBasic.ZipHandler.addDirectory(ZipHandler.java:103)
15:47:44.006 [main] ERROR java.lang.Throwable - 	at com.javaSEBasic.ZipHandler.zipDirectory(ZipHandler.java:59)
15:47:44.006 [main] ERROR java.lang.Throwable - 	at com.javaSEBasic.App.main(App.java:28)
15:47:44.006 [main] ERROR java.lang.Throwable - 	at sun.reflect.NativeMethodAccessorImpl.invoke0(Native Method)
15:47:44.007 [main] ERROR java.lang.Throwable - 	at sun.reflect.NativeMethodAccessorImpl.invoke(NativeMethodAccessorImpl.java:57)
15:47:44.007 [main] ERROR java.lang.Throwable - 	at sun.reflect.DelegatingMethodAccessorImpl.invoke(DelegatingMethodAccessorImpl.java:43)
15:47:44.007 [main] ERROR java.lang.Throwable - 	at java.lang.reflect.Method.invoke(Method.java:606)
15:47:44.007 [main] ERROR java.lang.Throwable - 	at com.intellij.rt.execution.application.AppMain.main(AppMain.java:120)
15:47:44.007 [main] ERROR com.javaSEBasic.ZipHandler - Error creating ZipEntry. File path : D:\projects\javaSEBasic\inputs2\data1.txt
15:47:44.007 [main] ERROR java.lang.Throwable - java.io.IOException: Stream closed
15:47:44.007 [main] ERROR java.lang.Throwable - 	at java.util.zip.ZipOutputStream.ensureOpen(ZipOutputStream.java:82)
15:47:44.007 [main] ERROR java.lang.Throwable - 	at java.util.zip.ZipOutputStream.putNextEntry(ZipOutputStream.java:175)
15:47:44.007 [main] ERROR java.lang.Throwable - 	at com.javaSEBasic.ZipHandler.addDirectory(ZipHandler.java:103)
15:47:44.008 [main] ERROR java.lang.Throwable - 	at com.javaSEBasic.ZipHandler.zipDirectory(ZipHandler.java:59)
15:47:44.008 [main] ERROR java.lang.Throwable - 	at com.javaSEBasic.App.main(App.java:28)
15:47:44.008 [main] ERROR java.lang.Throwable - 	at sun.reflect.NativeMethodAccessorImpl.invoke0(Native Method)
15:47:44.008 [main] ERROR java.lang.Throwable - 	at sun.reflect.NativeMethodAccessorImpl.invoke(NativeMethodAccessorImpl.java:57)
15:47:44.008 [main] ERROR java.lang.Throwable - 	at sun.reflect.DelegatingMethodAccessorImpl.invoke(DelegatingMethodAccessorImpl.java:43)
15:47:44.008 [main] ERROR java.lang.Throwable - 	at java.lang.reflect.Method.invoke(Method.java:606)
15:47:44.008 [main] ERROR java.lang.Throwable - 	at com.intellij.rt.execution.application.AppMain.main(AppMain.java:120)
15:47:44.008 [main] ERROR com.javaSEBasic.ZipHandler - Error creating ZipEntry. File path : D:\projects\javaSEBasic\inputs2\data1.zip
15:49:15.309 [main] DEBUG u.o.l.s.c.SysOutOverSLF4JInitialiser - Your logging framework class ch.qos.logback.classic.Logger should not need access to the standard println methods on the console, so you should not need to register a logging system package.
15:49:15.320 [main] INFO  u.o.l.s.context.SysOutOverSLF4J - Replaced standard System.out and System.err PrintStreams with SLF4JPrintStreams
15:49:15.324 [main] INFO  u.o.l.s.context.SysOutOverSLF4J - Redirected System.out and System.err to SLF4J for this context
15:49:15.326 [main] INFO  com.javaSEBasic.ZipHandler - creating : testDirectory.zip
15:49:15.327 [main] INFO  com.javaSEBasic.ZipHandler -  Adding: D:\projects\javaSEBasic\inputs2\--11--\data.zip
15:49:15.329 [main] INFO  com.javaSEBasic.ZipHandler -  Adding: D:\projects\javaSEBasic\inputs2\--11--\data2.zip
15:49:15.329 [main] INFO  com.javaSEBasic.ZipHandler -  Adding: D:\projects\javaSEBasic\inputs2\--11--\data3.zip
15:49:15.330 [main] INFO  com.javaSEBasic.ZipHandler -  Adding: D:\projects\javaSEBasic\inputs2\1\1.zip
15:49:15.330 [main] INFO  com.javaSEBasic.ZipHandler -  Adding: D:\projects\javaSEBasic\inputs2\2\3.zip
15:49:15.331 [main] INFO  com.javaSEBasic.ZipHandler -  Adding: D:\projects\javaSEBasic\inputs2\data1.txt
15:49:15.331 [main] INFO  com.javaSEBasic.ZipHandler -  Adding: D:\projects\javaSEBasic\inputs2\data1.zip
15:59:28.790 [main] DEBUG u.o.l.s.c.SysOutOverSLF4JInitialiser - Your logging framework class ch.qos.logback.classic.Logger should not need access to the standard println methods on the console, so you should not need to register a logging system package.
15:59:28.801 [main] INFO  u.o.l.s.context.SysOutOverSLF4J - Replaced standard System.out and System.err PrintStreams with SLF4JPrintStreams
15:59:28.806 [main] INFO  u.o.l.s.context.SysOutOverSLF4J - Redirected System.out and System.err to SLF4J for this context
15:59:28.808 [main] INFO  com.javaSEBasic.ZipHandler - creating : testDirectory.zip
16:09:49.504 [main] DEBUG u.o.l.s.c.SysOutOverSLF4JInitialiser - Your logging framework class ch.qos.logback.classic.Logger should not need access to the standard println methods on the console, so you should not need to register a logging system package.
16:09:49.517 [main] INFO  u.o.l.s.context.SysOutOverSLF4J - Replaced standard System.out and System.err PrintStreams with SLF4JPrintStreams
16:09:49.522 [main] INFO  u.o.l.s.context.SysOutOverSLF4J - Redirected System.out and System.err to SLF4J for this context
16:09:49.524 [main] INFO  com.javaSEBasic.ZipHandler - creating : testDirectory.zip
16:09:58.954 [main] DEBUG u.o.l.s.c.SysOutOverSLF4JInitialiser - Your logging framework class ch.qos.logback.classic.Logger should not need access to the standard println methods on the console, so you should not need to register a logging system package.
16:09:58.966 [main] INFO  u.o.l.s.context.SysOutOverSLF4J - Replaced standard System.out and System.err PrintStreams with SLF4JPrintStreams
16:09:58.970 [main] INFO  u.o.l.s.context.SysOutOverSLF4J - Redirected System.out and System.err to SLF4J for this context
16:09:58.972 [main] INFO  com.javaSEBasic.ZipHandler - creating : testDirectory.zip
16:10:56.688 [main] DEBUG u.o.l.s.c.SysOutOverSLF4JInitialiser - Your logging framework class ch.qos.logback.classic.Logger should not need access to the standard println methods on the console, so you should not need to register a logging system package.
16:10:56.701 [main] INFO  u.o.l.s.context.SysOutOverSLF4J - Replaced standard System.out and System.err PrintStreams with SLF4JPrintStreams
16:10:56.707 [main] INFO  u.o.l.s.context.SysOutOverSLF4J - Redirected System.out and System.err to SLF4J for this context
16:12:15.719 [main] DEBUG u.o.l.s.c.SysOutOverSLF4JInitialiser - Your logging framework class ch.qos.logback.classic.Logger should not need access to the standard println methods on the console, so you should not need to register a logging system package.
16:12:15.732 [main] INFO  u.o.l.s.context.SysOutOverSLF4J - Replaced standard System.out and System.err PrintStreams with SLF4JPrintStreams
16:12:15.738 [main] INFO  u.o.l.s.context.SysOutOverSLF4J - Redirected System.out and System.err to SLF4J for this context
16:12:17.952 [main] INFO  com.javaSEBasic.ZipHandler - creating : testDirectory.zip
16:13:26.156 [main] ERROR com.javaSEBasic.ZipHandler - File : D:\projects\javaSEBasic\logs2\test\asdasd.docx was not found 
16:13:26.163 [main] ERROR java.lang.Throwable - Exception in thread "main" java.lang.NullPointerException
16:13:26.163 [main] ERROR java.lang.Throwable - 	at com.javaSEBasic.ZipHandler.addDirectory(ZipHandler.java:96)
16:13:26.164 [main] ERROR java.lang.Throwable - 	at com.javaSEBasic.ZipHandler.addDirectory(ZipHandler.java:78)
16:13:26.164 [main] ERROR java.lang.Throwable - 	at com.javaSEBasic.ZipHandler.zipDirectory(ZipHandler.java:58)
16:13:26.164 [main] ERROR java.lang.Throwable - 	at com.javaSEBasic.App.main(App.java:28)
16:14:08.230 [main] DEBUG u.o.l.s.c.SysOutOverSLF4JInitialiser - Your logging framework class ch.qos.logback.classic.Logger should not need access to the standard println methods on the console, so you should not need to register a logging system package.
16:14:08.242 [main] INFO  u.o.l.s.context.SysOutOverSLF4J - Replaced standard System.out and System.err PrintStreams with SLF4JPrintStreams
16:14:08.247 [main] INFO  u.o.l.s.context.SysOutOverSLF4J - Redirected System.out and System.err to SLF4J for this context
16:14:16.318 [main] INFO  com.javaSEBasic.ZipHandler - creating : testDirectory.zip
16:15:57.577 [main] DEBUG u.o.l.s.c.SysOutOverSLF4JInitialiser - Your logging framework class ch.qos.logback.classic.Logger should not need access to the standard println methods on the console, so you should not need to register a logging system package.
16:15:57.590 [main] INFO  u.o.l.s.context.SysOutOverSLF4J - Replaced standard System.out and System.err PrintStreams with SLF4JPrintStreams
16:15:57.596 [main] INFO  u.o.l.s.context.SysOutOverSLF4J - Redirected System.out and System.err to SLF4J for this context
16:15:58.907 [main] INFO  com.javaSEBasic.ZipHandler - creating : testDirectory.zip
16:17:22.377 [main] ERROR com.javaSEBasic.ZipHandler - File : D:\projects\javaSEBasic\logs2\test\asdasd.docx was not found 
16:17:23.918 [main] ERROR java.lang.Throwable - Exception in thread "main" java.lang.NullPointerException
16:17:23.919 [main] ERROR java.lang.Throwable - 	at com.javaSEBasic.ZipHandler.addDirectory(ZipHandler.java:96)
16:17:23.919 [main] ERROR java.lang.Throwable - 	at com.javaSEBasic.ZipHandler.addDirectory(ZipHandler.java:78)
16:17:23.919 [main] ERROR java.lang.Throwable - 	at com.javaSEBasic.ZipHandler.zipDirectory(ZipHandler.java:58)
16:17:23.920 [main] ERROR java.lang.Throwable - 	at com.javaSEBasic.App.main(App.java:28)
16:18:50.448 [main] DEBUG u.o.l.s.c.SysOutOverSLF4JInitialiser - Your logging framework class ch.qos.logback.classic.Logger should not need access to the standard println methods on the console, so you should not need to register a logging system package.
16:18:50.460 [main] INFO  u.o.l.s.context.SysOutOverSLF4J - Replaced standard System.out and System.err PrintStreams with SLF4JPrintStreams
16:18:50.465 [main] INFO  u.o.l.s.context.SysOutOverSLF4J - Redirected System.out and System.err to SLF4J for this context
16:18:50.467 [main] INFO  com.javaSEBasic.ZipHandler - creating : testDirectory.zip
16:19:47.096 [main] DEBUG u.o.l.s.c.SysOutOverSLF4JInitialiser - Your logging framework class ch.qos.logback.classic.Logger should not need access to the standard println methods on the console, so you should not need to register a logging system package.
16:19:47.108 [main] INFO  u.o.l.s.context.SysOutOverSLF4J - Replaced standard System.out and System.err PrintStreams with SLF4JPrintStreams
16:19:47.113 [main] INFO  u.o.l.s.context.SysOutOverSLF4J - Redirected System.out and System.err to SLF4J for this context
16:19:47.114 [main] INFO  com.javaSEBasic.ZipHandler - creating : testDirectory.zip
